sample.interval=20000
"apply" "t" "M_step" "EM" "clust" 
"FUN" "apply" "t" "M_step" "EM" "clust" 
"FUN" "vapply" "apply" "t" "M_step" "EM" "clust" 
"FUN" "vapply" "apply" "t" "M_step" "EM" "clust" 
"sum" "FUN" "apply" "t" "EM" "clust" 
"M_step" "EM" "clust" 
"%*%" "M_step" "EM" "clust" 
"apply" "t" "M_step" "EM" "clust" 
"E_Step2" "EM" "clust" 
"as.vector" "split" "Ops.data.frame" "apply" "M_step" "EM" "clust" 
"t" "M_step" "EM" "clust" 
"FUN" "apply" "M_step" "EM" "clust" 
"apply" "E_Step2" "EM" "clust" 
"M_step" "EM" "clust" 
"apply" "t" "M_step" "EM" "clust" 
"as.vector" "split" "Ops.data.frame" "apply" "M_step" "EM" "clust" 
"any" "all.equal.numeric" "all.equal" "isSymmetric.matrix" "isSymmetric" "dmvnorm" "mdnorm2" "fK" "FUN" "lapply" "sapply" "all_fK" "E_Step2" "EM" "clust" 
"M_step" "EM" "clust" 
"t" "M_step" "EM" "clust" 
"FUN" "apply" "t" "M_step" "EM" "clust" 
"FUN" "apply" "E_Step2" "EM" "clust" 
"apply" "t" "M_step" "EM" "clust" 
"M_step" "EM" "clust" 
"t" "M_step" "EM" "clust" 
"%*%" "M_step" "EM" "clust" 
"M_step" "EM" "clust" 
"t" "M_step" "EM" "clust" 
"t" "M_step" "EM" "clust" 
"t" "M_step" "EM" "clust" 
"FUN" "apply" "t" "M_step" "EM" "clust" 
"FUN" "vapply" "apply" "t" "M_step" "EM" "clust" 
"t" "M_step" "EM" "clust" 
"FUN" "vapply" "apply" "t" "M_step" "EM" "clust" 
"FUN" "apply" "t" "EM" "clust" 
".deparseOpts" "deparse" "paste" "force" "as.data.frame.numeric" "as.data.frame" "<Anonymous>" "do.call" "as.data.frame.list" "as.data.frame" "data.frame" "Ops.data.frame" "apply" "M_step" "EM" "clust" 
"names" "FUN" "vapply" "apply" "t" "M_step" "EM" "clust" 
"M_step" "EM" "clust" 
"apply" "t" "EM" "clust" 
"M_step" "EM" "clust" 
"M_step" "EM" "clust" 
"t" "M_step" "EM" "clust" 
"%*%" "M_step" "EM" "clust" 
"t" "M_step" "EM" "clust" 
"t" "M_step" "EM" "clust" 
"FUN" "apply" "t" "M_step" "EM" "clust" 
"FUN" "vapply" "apply" "t" "M_step" "EM" "clust" 
"apply" "E_Step2" "EM" "clust" 
"M_step" "EM" "clust" 
"t.default" "t" "M_step" "EM" "clust" 
"t" "M_step" "EM" "clust" 
"t" "M_step" "EM" "clust" 
"FUN" "apply" "t" "M_step" "EM" "clust" 
"M_step" "EM" "clust" 
"t" "M_step" "EM" "clust" 
"t" "M_step" "EM" "clust" 
"apply" "t" "M_step" "EM" "clust" 
"vapply" "apply" "t" "M_step" "EM" "clust" 
"t" "M_step" "EM" "clust" 
"t" "M_step" "EM" "clust" 
"unlist" "apply" "t" "M_step" "EM" "clust" 
"t" "M_step" "EM" "clust" 
"t" "M_step" "EM" "clust" 
"t" "M_step" "EM" "clust" 
"FUN" "apply" "t" "M_step" "EM" "clust" 
"M_step" "EM" "clust" 
"M_step" "EM" "clust" 
"M_step" "EM" "clust" 
"apply" "t" "M_step" "EM" "clust" 
"unlist" "apply" "t" "M_step" "EM" "clust" 
"M_step" "EM" "clust" 
"t" "M_step" "EM" "clust" 
"apply" "t" "M_step" "EM" "clust" 
"FUN" "apply" "t" "M_step" "EM" "clust" 
"M_step" "EM" "clust" 
"M_step" "EM" "clust" 
"names" "FUN" "vapply" "apply" "t" "M_step" "EM" "clust" 
"t" "M_step" "EM" "clust" 
"FUN" "apply" "t" "M_step" "EM" "clust" 
"t" "M_step" "EM" "clust" 
"as.vector" "split" "Ops.data.frame" "apply" "M_step" "EM" "clust" 
"apply" "t" "M_step" "EM" "clust" 
"t" "M_step" "EM" "clust" 
"vapply" "apply" "t" "M_step" "EM" "clust" 
"apply" "t" "EM" "clust" 
"apply" "t" "M_step" "EM" "clust" 
"unlist" "apply" "t" "M_step" "EM" "clust" 
"M_step" "EM" "clust" 
"sum" "FUN" "apply" "t" "EM" "clust" 
"M_step" "EM" "clust" 
"apply" "t" "M_step" "EM" "clust" 
"M_step" "EM" "clust" 
"FUN" "apply" "t" "EM" "clust" 
"apply" "t" "M_step" "EM" "clust" 
"%*%" "M_step" "EM" "clust" 
"FUN" "apply" "t" "M_step" "EM" "clust" 
"unlist" "apply" "E_Step2" "EM" "clust" 
"t" "M_step" "EM" "clust" 
"apply" "t" "M_step" "EM" "clust" 
"sys.call" "%in%" "[[.data.frame" "[[" "Ops.data.frame" "apply" "M_step" "EM" "clust" 
"simplify2array" "sapply" "all_fK" "E_Step2" "EM" "clust" 
"%*%" "M_step" "EM" "clust" 
"as.vector" "split" "Ops.data.frame" "apply" "M_step" "EM" "clust" 
"FUN" "vapply" "apply" "t" "M_step" "EM" "clust" 
"apply" "E_Step2" "EM" "clust" 
"M_step" "EM" "clust" 
"M_step" "EM" "clust" 
"apply" "t" "M_step" "EM" "clust" 
"max" "FUN" "apply" "E_Step2" "EM" "clust" 
"t" "M_step" "EM" "clust" 
"M_step" "EM" "clust" 
"t" "M_step" "EM" "clust" 
"doTryCatch" "tryCatchOne" "tryCatchList" "tryCatch" "dmvnorm" "mdnorm2" "fK" "FUN" "lapply" "sapply" "all_fK" "E_Step2" "EM" "clust" 
"t" "M_step" "EM" "clust" 
"t" "M_step" "EM" "clust" 
"t" "M_step" "EM" "clust" 
"t" "M_step" "EM" "clust" 
"M_step" "EM" "clust" 
"t" "M_step" "EM" "clust" 
"apply" "t" "M_step" "EM" "clust" 
"apply" "E_Step2" "EM" "clust" 
"M_step" "EM" "clust" 
"M_step" "EM" "clust" 
"t" "M_step" "EM" "clust" 
"apply" "E_Step2" "EM" "clust" 
"M_step" "EM" "clust" 
"M_step" "EM" "clust" 
"M_step" "EM" "clust" 
"M_step" "EM" "clust" 
"t" "M_step" "EM" "clust" 
"M_step" "EM" "clust" 
"t" "M_step" "EM" "clust" 
"M_step" "EM" "clust" 
"t" "M_step" "EM" "clust" 
"t" "M_step" "EM" "clust" 
"t" "M_step" "EM" "clust" 
"M_step" "EM" "clust" 
"FUN" "apply" "E_Step2" "EM" "clust" 
"M_step" "EM" "clust" 
"t" "M_step" "EM" "clust" 
"apply" "t" "M_step" "EM" "clust" 
"apply" "t" "EM" "clust" 
"M_step" "EM" "clust" 
"t.default" "t" "M_step" "EM" "clust" 
"split.default" "split" "Ops.data.frame" "apply" "M_step" "EM" "clust" 
"FUN" "apply" "E_Step2" "EM" "clust" 
"t.default" "t" "M_step" "EM" "clust" 
"apply" "M_step" "EM" "clust" 
"M_step" "EM" "clust" 
"t" "M_step" "EM" "clust" 
"t" "M_step" "EM" "clust" 
"M_step" "EM" "clust" 
"apply" "t" "M_step" "EM" "clust" 
"FUN" "apply" "E_Step2" "EM" "clust" 
"t" "M_step" "EM" "clust" 
"M_step" "EM" "clust" 
"M_step" "EM" "clust" 
"apply" "E_Step2" "EM" "clust" 
"t" "M_step" "EM" "clust" 
"%*%" "M_step" "EM" "clust" 
"M_step" "EM" "clust" 
"parent.frame" "tryCatch" "dmvnorm" "mdnorm2" "fK" "FUN" "lapply" "sapply" "all_fK" "E_Step2" "EM" "clust" 
"t" "M_step" "EM" "clust" 
"as.vector" "split" "Ops.data.frame" "apply" "M_step" "EM" "clust" 
"M_step" "EM" "clust" 
"dmvnorm" "mdnorm2" "fK" "FUN" "lapply" "sapply" "all_fK" "process_likelihood2" "EM" "clust" 
"t" "M_step" "EM" "clust" 
"M_step" "EM" "clust" 
"apply" "t" "M_step" "EM" "clust" 
"apply" "E_Step2" "EM" "clust" 
"t" "M_step" "EM" "clust" 
"t" "M_step" "EM" "clust" 
"FUN" "apply" "t" "M_step" "EM" "clust" 
"FUN" "apply" "E_Step2" "EM" "clust" 
"M_step" "EM" "clust" 
"t" "M_step" "EM" "clust" 
"t" "M_step" "EM" "clust" 
"unlist" "as.matrix.data.frame" "as.matrix" "t.data.frame" "t" "backsolve" "dmvnorm" "mdnorm2" "fK" "FUN" "lapply" "sapply" "all_fK" "E_Step2" "EM" "clust" 
"t" "M_step" "EM" "clust" 
"aperm.default" "aperm" "apply" "t" "M_step" "EM" "clust" 
"t" "M_step" "EM" "clust" 
"all.equal.numeric" "all.equal" "isSymmetric.matrix" "isSymmetric" "dmvnorm" "mdnorm2" "fK" "FUN" "lapply" "sapply" "all_fK" "process_likelihood2" "EM" "clust" 
"%*%" "M_step" "EM" "clust" 
"M_step" "EM" "clust" 
"as.list" "<Anonymous>" "do.call" "as.data.frame.list" "as.data.frame" "data.frame" "Ops.data.frame" "apply" "M_step" "EM" "clust" 
"apply" "E_Step2" "EM" "clust" 
"t" "M_step" "EM" "clust" 
"t" "M_step" "EM" "clust" 
"M_step" "EM" "clust" 
"as.matrix.data.frame" "as.matrix" "t.data.frame" "t" "backsolve" "dmvnorm" "mdnorm2" "fK" "FUN" "lapply" "sapply" "all_fK" "process_likelihood2" "EM" "clust" 
"t" "M_step" "EM" "clust" 
"t" "M_step" "EM" "clust" 
"M_step" "EM" "clust" 
"t" "M_step" "EM" "clust" 
"t" "M_step" "EM" "clust" 
"%*%" "M_step" "EM" "clust" 
"M_step" "EM" "clust" 
"t" "M_step" "EM" "clust" 
"FUN" "apply" "t" "M_step" "EM" "clust" 
"t" "M_step" "EM" "clust" 
"t" "M_step" "EM" "clust" 
"M_step" "EM" "clust" 
"apply" "t" "M_step" "EM" "clust" 
"vapply" "apply" "t" "M_step" "EM" "clust" 
"t" "M_step" "EM" "clust" 
"M_step" "EM" "clust" 
"M_step" "EM" "clust" 
"names" "FUN" "vapply" "apply" "t" "M_step" "EM" "clust" 
"unlist" "apply" "t" "M_step" "EM" "clust" 
"t" "M_step" "EM" "clust" 
"FUN" "apply" "t" "M_step" "EM" "clust" 
"M_step" "EM" "clust" 
"t" "M_step" "EM" "clust" 
"M_step" "EM" "clust" 
"c" ".set_row_names" "as.data.frame.numeric" "as.data.frame" "<Anonymous>" "do.call" "as.data.frame.list" "as.data.frame" "data.frame" "Ops.data.frame" "apply" "M_step" "EM" "clust" 
".deparseOpts" "deparse" "paste" "force" "as.data.frame.numeric" "as.data.frame" "<Anonymous>" "do.call" "as.data.frame.list" "as.data.frame" "data.frame" "Ops.data.frame" "apply" "M_step" "EM" "clust" 
"vapply" "apply" "t" "M_step" "EM" "clust" 
"t" "M_step" "EM" "clust" 
"max" "FUN" "apply" "E_Step2" "EM" "clust" 
"M_step" "EM" "clust" 
"apply" "t" "M_step" "EM" "clust" 
"matrix" "M_step" "EM" "clust" 
"apply" "t" "EM" "clust" 
"M_step" "EM" "clust" 
"t.default" "t" "M_step" "EM" "clust" 
"apply" "t" "M_step" "EM" "clust" 
"apply" "E_Step2" "EM" "clust" 
"M_step" "EM" "clust" 
"apply" "t" "M_step" "EM" "clust" 
"t" "M_step" "EM" "clust" 
"max" "FUN" "apply" "E_Step2" "EM" "clust" 
"t" "M_step" "EM" "clust" 
"apply" "t" "M_step" "EM" "clust" 
"vapply" "apply" "t" "M_step" "EM" "clust" 
"lapply" "sapply" "all_fK" "E_Step2" "EM" "clust" 
"t" "M_step" "EM" "clust" 
"t" "M_step" "EM" "clust" 
"apply" "t" "M_step" "EM" "clust" 
"unlist" "apply" "E_Step2" "EM" "clust" 
"t" "M_step" "EM" "clust" 
"t" "M_step" "EM" "clust" 
"t.default" "t" "M_step" "EM" "clust" 
"as.vector" "all.equal.numeric" "all.equal" "isSymmetric.matrix" "isSymmetric" "dmvnorm" "mdnorm2" "fK" "FUN" "lapply" "sapply" "all_fK" "process_likelihood2" "EM" "clust" 
"M_step" "EM" "clust" 
"%*%" "M_step" "EM" "clust" 
"t" "M_step" "EM" "clust" 
"t" "M_step" "EM" "clust" 
"M_step" "EM" "clust" 
"t" "M_step" "EM" "clust" 
"t" "M_step" "EM" "clust" 
"t" "M_step" "EM" "clust" 
"t" "M_step" "EM" "clust" 
"t" "M_step" "EM" "clust" 
"t" "M_step" "EM" "clust" 
"t" "M_step" "EM" "clust" 
"t" "M_step" "EM" "clust" 
"t" "M_step" "EM" "clust" 
"apply" "t" "EM" "clust" 
"apply" "t" "M_step" "EM" "clust" 
"t" "M_step" "EM" "clust" 
"t" "M_step" "EM" "clust" 
"M_step" "EM" "clust" 
"t" "M_step" "EM" "clust" 
"M_step" "EM" "clust" 
"t" "M_step" "EM" "clust" 
"t" "M_step" "EM" "clust" 
"t.default" "t" "M_step" "EM" "clust" 
"t" "M_step" "EM" "clust" 
"aperm" "sweep" "process_likelihood2" "EM" "clust" 
"t" "M_step" "EM" "clust" 
"t" "M_step" "EM" "clust" 
"FUN" "apply" "t" "M_step" "EM" "clust" 
"apply" "E_Step2" "EM" "clust" 
"t" "M_step" "EM" "clust" 
"<Anonymous>" "[[.data.frame" "[[" "Ops.data.frame" "apply" "M_step" "EM" "clust" 
"vapply" "apply" "t" "M_step" "EM" "clust" 
"apply" "t" "EM" "clust" 
"FUN" "apply" "t" "M_step" "EM" "clust" 
"apply" "t" "M_step" "EM" "clust" 
"%*%" "M_step" "EM" "clust" 
"as.character" "as.factor" "split.default" "split" "Ops.data.frame" "apply" "M_step" "EM" "clust" 
"vapply" "apply" "t" "M_step" "EM" "clust" 
"t" "M_step" "EM" "clust" 
"t" "M_step" "EM" "clust" 
"apply" "t" "M_step" "EM" "clust" 
"M_step" "EM" "clust" 
"t" "M_step" "EM" "clust" 
"t.default" "t" "M_step" "EM" "clust" 
"FUN" "vapply" "apply" "t" "M_step" "EM" "clust" 
"M_step" "EM" "clust" 
"t" "M_step" "EM" "clust" 
"t" "M_step" "EM" "clust" 
"M_step" "EM" "clust" 
"%*%" "M_step" "EM" "clust" 
"M_step" "EM" "clust" 
"backsolve" "dmvnorm" "mdnorm2" "fK" "FUN" "lapply" "sapply" "all_fK" "E_Step2" "EM" "clust" 
"M_step" "EM" "clust" 
"%*%" "M_step" "EM" "clust" 
"FUN" "vapply" "apply" "t" "M_step" "EM" "clust" 
"FUN" "apply" "E_Step2" "EM" "clust" 
"t" "M_step" "EM" "clust" 
"apply" "t" "M_step" "EM" "clust" 
"t" "M_step" "EM" "clust" 
"FUN" "eval" "eval" "Ops.data.frame" "apply" "M_step" "EM" "clust" 
"as.data.frame.list" "as.data.frame" "data.frame" "Ops.data.frame" "apply" "M_step" "EM" "clust" 
"vapply" "apply" "t" "M_step" "EM" "clust" 
"t" "M_step" "EM" "clust" 
"apply" "t" "M_step" "EM" "clust" 
"t" "M_step" "EM" "clust" 
"%*%" "M_step" "EM" "clust" 
"M_step" "EM" "clust" 
"unlist" "apply" "t" "M_step" "EM" "clust" 
"t" "M_step" "EM" "clust" 
"t" "M_step" "EM" "clust" 
"t" "M_step" "EM" "clust" 
"names" "FUN" "vapply" "apply" "t" "M_step" "EM" "clust" 
"t" "M_step" "EM" "clust" 
"t" "M_step" "EM" "clust" 
"M_step" "EM" "clust" 
"M_step" "EM" "clust" 
"M_step" "EM" "clust" 
"t" "M_step" "EM" "clust" 
"t" "M_step" "EM" "clust" 
"t" "M_step" "EM" "clust" 
"t" "M_step" "EM" "clust" 
"M_step" "EM" "clust" 
"apply" "E_Step2" "EM" "clust" 
"M_step" "EM" "clust" 
"apply" "t" "M_step" "EM" "clust" 
"as.vector" "split" "Ops.data.frame" "apply" "M_step" "EM" "clust" 
"t" "M_step" "EM" "clust" 
"apply" "t" "M_step" "EM" "clust" 
"apply" "t" "M_step" "EM" "clust" 
"apply" "t" "M_step" "EM" "clust" 
"split.default" "split" "Ops.data.frame" "apply" "M_step" "EM" "clust" 
"t" "M_step" "EM" "clust" 
"M_step" "EM" "clust" 
"apply" "t" "M_step" "EM" "clust" 
"vapply" "apply" "t" "M_step" "EM" "clust" 
"t.default" "t" "M_step" "EM" "clust" 
"FUN" "apply" "M_step" "EM" "clust" 
"FUN" "vapply" "apply" "t" "M_step" "EM" "clust" 
"FUN" "vapply" "apply" "t" "M_step" "EM" "clust" 
"t" "M_step" "EM" "clust" 
"FUN" "apply" "t" "M_step" "EM" "clust" 
"M_step" "EM" "clust" 
"t" "M_step" "EM" "clust" 
"M_step" "EM" "clust" 
"FUN" "vapply" "apply" "t" "M_step" "EM" "clust" 
"t" "M_step" "EM" "clust" 
"t" "M_step" "EM" "clust" 
"all.equal.numeric" "all.equal" "isSymmetric.matrix" "isSymmetric" "dmvnorm" "mdnorm2" "fK" "FUN" "lapply" "sapply" "all_fK" "E_Step2" "EM" "clust" 
"M_step" "EM" "clust" 
"t" "M_step" "EM" "clust" 
"as.vector" "split" "Ops.data.frame" "apply" "M_step" "EM" "clust" 
"apply" "E_Step2" "EM" "clust" 
"%*%" "M_step" "EM" "clust" 
"apply" "t" "M_step" "EM" "clust" 
"apply" "t" "M_step" "EM" "clust" 
"apply" "E_Step2" "EM" "clust" 
"M_step" "EM" "clust" 
"names" "FUN" "vapply" "apply" "t" "M_step" "EM" "clust" 
"t" "M_step" "EM" "clust" 
"apply" "t" "EM" "clust" 
"apply" "t" "M_step" "EM" "clust" 
"names" "FUN" "vapply" "apply" "t" "M_step" "EM" "clust" 
"t" "M_step" "EM" "clust" 
"apply" "t" "M_step" "EM" "clust" 
"%*%" "M_step" "EM" "clust" 
"t" "M_step" "EM" "clust" 
"apply" "t" "M_step" "EM" "clust" 
"E_Step2" "EM" "clust" 
"structure" "as.data.frame.numeric" "as.data.frame" "<Anonymous>" "do.call" "as.data.frame.list" "as.data.frame" "data.frame" "Ops.data.frame" "apply" "M_step" "EM" "clust" 
"FUN" "vapply" "apply" "t" "M_step" "EM" "clust" 
"apply" "t" "M_step" "EM" "clust" 
"apply" "t" "EM" "clust" 
"as.data.frame" "<Anonymous>" "do.call" "as.data.frame.list" "as.data.frame" "data.frame" "Ops.data.frame" "apply" "M_step" "EM" "clust" 
"vapply" "apply" "t" "M_step" "EM" "clust" 
"t" "M_step" "EM" "clust" 
"apply" "t" "EM" "clust" 
"FUN" "apply" "t" "M_step" "EM" "clust" 
"t" "M_step" "EM" "clust" 
"%*%" "M_step" "EM" "clust" 
"apply" "t" "M_step" "EM" "clust" 
".set_row_names" "as.data.frame.numeric" "as.data.frame" "<Anonymous>" "do.call" "as.data.frame.list" "as.data.frame" "data.frame" "Ops.data.frame" "apply" "M_step" "EM" "clust" 
"vapply" "apply" "t" "M_step" "EM" "clust" 
"t" "M_step" "EM" "clust" 
"as.data.frame" "<Anonymous>" "do.call" "as.data.frame.list" "as.data.frame" "data.frame" "Ops.data.frame" "apply" "M_step" "EM" "clust" 
"FUN" "vapply" "apply" "t" "M_step" "EM" "clust" 
"M_step" "EM" "clust" 
"t" "M_step" "EM" "clust" 
"apply" "t" "M_step" "EM" "clust" 
"vapply" "apply" "t" "M_step" "EM" "clust" 
"t" "M_step" "EM" "clust" 
"M_step" "EM" "clust" 
"apply" "t" "M_step" "EM" "clust" 
"M_step" "EM" "clust" 
"M_step" "EM" "clust" 
"t" "M_step" "EM" "clust" 
"t" "M_step" "EM" "clust" 
"M_step" "EM" "clust" 
"t" "M_step" "EM" "clust" 
"M_step" "EM" "clust" 
"t" "M_step" "EM" "clust" 
"t" "M_step" "EM" "clust" 
"t" "M_step" "EM" "clust" 
"t" "M_step" "EM" "clust" 
"t.default" "t" "M_step" "EM" "clust" 
"t" "M_step" "EM" "clust" 
"t" "M_step" "EM" "clust" 
"eval" "match.arg" "order" "aperm.default" "aperm" "sweep" "E_Step2" "EM" "clust" 
"t.default" "t" "M_step" "EM" "clust" 
"t" "M_step" "EM" "clust" 
"t" "M_step" "EM" "clust" 
"as.matrix.data.frame" "as.matrix" "t.data.frame" "t" "backsolve" "dmvnorm" "mdnorm2" "fK" "FUN" "lapply" "sapply" "all_fK" "process_likelihood2" "EM" "clust" 
"t" "M_step" "EM" "clust" 
"%*%" "M_step" "EM" "clust" 
"t.default" "t" "M_step" "EM" "clust" 
"determinant" "det" "M_step" "EM" "clust" 
"t" "M_step" "EM" "clust" 
"M_step" "EM" "clust" 
"FUN" "apply" "t" "M_step" "EM" "clust" 
"is.data.frame" "colSums" "dmvnorm" "mdnorm2" "fK" "FUN" "lapply" "sapply" "all_fK" "process_likelihood2" "EM" "clust" 
"M_step" "EM" "clust" 
"t" "M_step" "EM" "clust" 
"apply" "t" "M_step" "EM" "clust" 
"FUN" "apply" "E_Step2" "EM" "clust" 
"M_step" "EM" "clust" 
"t" "M_step" "EM" "clust" 
"levels" "as.matrix.data.frame" "as.matrix" "apply" "t" "M_step" "EM" "clust" 
"FUN" "apply" "E_Step2" "EM" "clust" 
"M_step" "EM" "clust" 
"M_step" "EM" "clust" 
"t" "M_step" "EM" "clust" 
"FUN" "apply" "E_Step2" "EM" "clust" 
"t" "M_step" "EM" "clust" 
"FUN" "apply" "t" "M_step" "EM" "clust" 
"FUN" "vapply" "apply" "t" "M_step" "EM" "clust" 
"apply" "E_Step2" "EM" "clust" 
"M_step" "EM" "clust" 
"FUN" "apply" "t" "M_step" "EM" "clust" 
"t" "M_step" "EM" "clust" 
"as.vector" "split" "Ops.data.frame" "apply" "M_step" "EM" "clust" 
"t.default" "t" "M_step" "EM" "clust" 
"apply" "t" "M_step" "EM" "clust" 
"t" "M_step" "EM" "clust" 
"FUN" "apply" "t" "M_step" "EM" "clust" 
"t" "M_step" "EM" "clust" 
"FUN" "vapply" "apply" "t" "M_step" "EM" "clust" 
"M_step" "EM" "clust" 
"apply" "t" "M_step" "EM" "clust" 
"M_step" "EM" "clust" 
"M_step" "EM" "clust" 
"t" "M_step" "EM" "clust" 
"FUN" "apply" "t" "M_step" "EM" "clust" 
"t" "M_step" "EM" "clust" 
"M_step" "EM" "clust" 
"t" "M_step" "EM" "clust" 
"vapply" "apply" "t" "M_step" "EM" "clust" 
"t" "M_step" "EM" "clust" 
"t" "M_step" "EM" "clust" 
"t" "M_step" "EM" "clust" 
"t" "M_step" "EM" "clust" 
"t" "M_step" "EM" "clust" 
"t" "M_step" "EM" "clust" 
"t" "M_step" "EM" "clust" 
"M_step" "EM" "clust" 
"t" "M_step" "EM" "clust" 
"t.default" "t" "M_step" "EM" "clust" 
"t" "M_step" "EM" "clust" 
"t" "M_step" "EM" "clust" 
"t" "M_step" "EM" "clust" 
"%*%" "M_step" "EM" "clust" 
"apply" "E_Step2" "EM" "clust" 
"M_step" "EM" "clust" 
"t" "M_step" "EM" "clust" 
"t" "M_step" "EM" "clust" 
"apply" "E_Step2" "EM" "clust" 
"t" "M_step" "EM" "clust" 
"t" "M_step" "EM" "clust" 
"%*%" "M_step" "EM" "clust" 
"M_step" "EM" "clust" 
"M_step" "EM" "clust" 
"t" "M_step" "EM" "clust" 
"t.default" "t" "M_step" "EM" "clust" 
"t" "M_step" "EM" "clust" 
"M_step" "EM" "clust" 
"M_step" "EM" "clust" 
"t" "M_step" "EM" "clust" 
"t" "M_step" "EM" "clust" 
"vapply" "apply" "t" "M_step" "EM" "clust" 
"t.default" "t" "M_step" "EM" "clust" 
"M_step" "EM" "clust" 
"t" "M_step" "EM" "clust" 
"t" "M_step" "EM" "clust" 
"M_step" "EM" "clust" 
"t" "M_step" "EM" "clust" 
"t" "M_step" "EM" "clust" 
"M_step" "EM" "clust" 
"t" "M_step" "EM" "clust" 
"t" "M_step" "EM" "clust" 
"t" "M_step" "EM" "clust" 
"t" "M_step" "EM" "clust" 
"t" "M_step" "EM" "clust" 
"t" "M_step" "EM" "clust" 
"vapply" "as.matrix.data.frame" "as.matrix" "t.data.frame" "t" "backsolve" "dmvnorm" "mdnorm2" "fK" "FUN" "lapply" "sapply" "all_fK" "process_likelihood2" "EM" "clust" 
"t" "M_step" "EM" "clust" 
"t" "M_step" "EM" "clust" 
"t" "M_step" "EM" "clust" 
"t" "M_step" "EM" "clust" 
"t" "M_step" "EM" "clust" 
"t" "M_step" "EM" "clust" 
"t" "M_step" "EM" "clust" 
"t" "M_step" "EM" "clust" 
"M_step" "EM" "clust" 
"M_step" "EM" "clust" 
"M_step" "EM" "clust" 
"t" "M_step" "EM" "clust" 
"t" "M_step" "EM" "clust" 
"M_step" "EM" "clust" 
"t" "M_step" "EM" "clust" 
"t" "M_step" "EM" "clust" 
"t" "M_step" "EM" "clust" 
"M_step" "EM" "clust" 
"t" "M_step" "EM" "clust" 
"t" "M_step" "EM" "clust" 
"t" "M_step" "EM" "clust" 
"t" "M_step" "EM" "clust" 
"M_step" "EM" "clust" 
"M_step" "EM" "clust" 
"matrix" "M_step" "EM" "clust" 
"t.default" "t" "M_step" "EM" "clust" 
"M_step" "EM" "clust" 
"%*%" "M_step" "EM" "clust" 
"vapply" "apply" "t" "M_step" "EM" "clust" 
"M_step" "EM" "clust" 
"M_step" "EM" "clust" 
"t" "M_step" "EM" "clust" 
"%*%" "M_step" "EM" "clust" 
"%*%" "M_step" "EM" "clust" 
"t" "M_step" "EM" "clust" 
"M_step" "EM" "clust" 
"t" "M_step" "EM" "clust" 
"t" "M_step" "EM" "clust" 
"t" "M_step" "EM" "clust" 
"M_step" "EM" "clust" 
"t" "M_step" "EM" "clust" 
"t" "M_step" "EM" "clust" 
"t" "M_step" "EM" "clust" 
"M_step" "EM" "clust" 
"M_step" "EM" "clust" 
"t" "M_step" "EM" "clust" 
"t" "M_step" "EM" "clust" 
"dim" "dim" "ncol" "fK" "FUN" "lapply" "sapply" "all_fK" "process_likelihood2" "EM" "clust" 
"t" "M_step" "EM" "clust" 
"M_step" "EM" "clust" 
"M_step" "EM" "clust" 
"t.default" "t" "M_step" "EM" "clust" 
"M_step" "EM" "clust" 
"t" "M_step" "EM" "clust" 
"t" "M_step" "EM" "clust" 
"M_step" "EM" "clust" 
"vapply" "apply" "t" "M_step" "EM" "clust" 
"M_step" "EM" "clust" 
"t" "M_step" "EM" "clust" 
"t" "M_step" "EM" "clust" 
"apply" "t" "M_step" "EM" "clust" 
"FUN" "vapply" "apply" "t" "M_step" "EM" "clust" 
"M_step" "EM" "clust" 
"t" "M_step" "EM" "clust" 
"vapply" "apply" "t" "M_step" "EM" "clust" 
"apply" "M_step" "EM" "clust" 
"apply" "t" "M_step" "EM" "clust" 
"M_step" "EM" "clust" 
"apply" "t" "EM" "clust" 
"apply" "t" "M_step" "EM" "clust" 
"apply" "t" "M_step" "EM" "clust" 
"t" "M_step" "EM" "clust" 
"sweep" "E_Step2" "EM" "clust" 
"M_step" "EM" "clust" 
"M_step" "EM" "clust" 
"apply" "t" "M_step" "EM" "clust" 
"as.matrix.data.frame" "as.matrix" "t.data.frame" "t" "backsolve" "dmvnorm" "mdnorm2" "fK" "FUN" "lapply" "sapply" "all_fK" "process_likelihood2" "EM" "clust" 
"t" "M_step" "EM" "clust" 
"t" "M_step" "EM" "clust" 
"t" "M_step" "EM" "clust" 
"max" "FUN" "apply" "E_Step2" "EM" "clust" 
"M_step" "EM" "clust" 
"t" "M_step" "EM" "clust" 
"t" "M_step" "EM" "clust" 
"t" "M_step" "EM" "clust" 
"t" "M_step" "EM" "clust" 
"t" "M_step" "EM" "clust" 
"aperm" "apply" "M_step" "EM" "clust" 
"FUN" "vapply" "apply" "t" "M_step" "EM" "clust" 
"apply" "t" "EM" "clust" 
"apply" "t" "M_step" "EM" "clust" 
"vapply" "apply" "t" "M_step" "EM" "clust" 
"t" "M_step" "EM" "clust" 
"FUN" "apply" "E_Step2" "EM" "clust" 
"t" "M_step" "EM" "clust" 
"split.default" "split" "Ops.data.frame" "apply" "M_step" "EM" "clust" 
"vapply" "apply" "t" "M_step" "EM" "clust" 
"max" "FUN" "apply" "E_Step2" "EM" "clust" 
"t" "M_step" "EM" "clust" 
"t" "M_step" "EM" "clust" 
"t" "M_step" "EM" "clust" 
"diag" "dmvnorm" "mdnorm2" "fK" "FUN" "lapply" "sapply" "all_fK" "process_likelihood2" "EM" "clust" 
"M_step" "EM" "clust" 
"%*%" "M_step" "EM" "clust" 
"%*%" "M_step" "EM" "clust" 
"t" "M_step" "EM" "clust" 
"M_step" "EM" "clust" 
"M_step" "EM" "clust" 
"t" "M_step" "EM" "clust" 
"t" "M_step" "EM" "clust" 
"apply" "t" "M_step" "EM" "clust" 
"M_step" "EM" "clust" 
"%*%" "M_step" "EM" "clust" 
"t" "M_step" "EM" "clust" 
"t" "M_step" "EM" "clust" 
"t" "M_step" "EM" "clust" 
"M_step" "EM" "clust" 
"t" "M_step" "EM" "clust" 
"M_step" "EM" "clust" 
"M_step" "EM" "clust" 
"t" "M_step" "EM" "clust" 
"M_step" "EM" "clust" 
"vapply" "apply" "t" "M_step" "EM" "clust" 
"t" "M_step" "EM" "clust" 
"M_step" "EM" "clust" 
"M_step" "EM" "clust" 
"apply" "t" "M_step" "EM" "clust" 
"M_step" "EM" "clust" 
"t" "M_step" "EM" "clust" 
"t" "M_step" "EM" "clust" 
"t" "M_step" "EM" "clust" 
"t" "M_step" "EM" "clust" 
"t" "M_step" "EM" "clust" 
"M_step" "EM" "clust" 
"t" "M_step" "EM" "clust" 
"t" "M_step" "EM" "clust" 
"t" "M_step" "EM" "clust" 
"t.default" "t" "M_step" "EM" "clust" 
"M_step" "EM" "clust" 
"M_step" "EM" "clust" 
"t" "M_step" "EM" "clust" 
"length" "dim.data.frame" "dim" "dim" "ncol" "fK" "FUN" "lapply" "sapply" "all_fK" "E_Step2" "EM" "clust" 
"t" "M_step" "EM" "clust" 
"%*%" "M_step" "EM" "clust" 
"M_step" "EM" "clust" 
"M_step" "EM" "clust" 
"M_step" "EM" "clust" 
"M_step" "EM" "clust" 
"M_step" "EM" "clust" 
"t" "M_step" "EM" "clust" 
"t" "M_step" "EM" "clust" 
"M_step" "EM" "clust" 
"M_step" "EM" "clust" 
"M_step" "EM" "clust" 
"M_step" "EM" "clust" 
"t" "M_step" "EM" "clust" 
"t" "M_step" "EM" "clust" 
"[.data.frame" "[" "unlist" "init_theta" "clust" 
"apply" "t" "M_step" "EM" "clust" 
"FUN" "vapply" "apply" "t" "M_step" "EM" "clust" 
"t" "M_step" "EM" "clust" 
"t" "M_step" "EM" "clust" 
"t.default" "t" "M_step" "EM" "clust" 
"M_step" "EM" "clust" 
"t" "M_step" "EM" "clust" 
"M_step" "EM" "clust" 
"apply" "t" "M_step" "EM" "clust" 
"M_step" "EM" "clust" 
"M_step" "EM" "clust" 
"%*%" "M_step" "EM" "clust" 
"apply" "t" "M_step" "EM" "clust" 
"t" "M_step" "EM" "clust" 
"%*%" "M_step" "EM" "clust" 
"t.default" "t" "M_step" "EM" "clust" 
"apply" "t" "M_step" "EM" "clust" 
"FUN" "vapply" "apply" "t" "M_step" "EM" "clust" 
"M_step" "EM" "clust" 
"M_step" "EM" "clust" 
"t" "M_step" "EM" "clust" 
"t" "M_step" "EM" "clust" 
"M_step" "EM" "clust" 
"M_step" "EM" "clust" 
"FUN" "vapply" "apply" "t" "M_step" "EM" "clust" 
"t" "M_step" "EM" "clust" 
"M_step" "EM" "clust" 
"%*%" "M_step" "EM" "clust" 
"vapply" "apply" "t" "M_step" "EM" "clust" 
"M_step" "EM" "clust" 
"t.default" "t" "M_step" "EM" "clust" 
"M_step" "EM" "clust" 
"names" "FUN" "vapply" "apply" "t" "M_step" "EM" "clust" 
"t" "M_step" "EM" "clust" 
"t" "M_step" "EM" "clust" 
"t" "M_step" "EM" "clust" 
"M_step" "EM" "clust" 
"M_step" "EM" "clust" 
"M_step" "EM" "clust" 
"%*%" "M_step" "EM" "clust" 
"t" "M_step" "EM" "clust" 
"M_step" "EM" "clust" 
"t" "M_step" "EM" "clust" 
"M_step" "EM" "clust" 
"apply" "t" "M_step" "EM" "clust" 
"t.default" "t" "M_step" "EM" "clust" 
"t" "M_step" "EM" "clust" 
"M_step" "EM" "clust" 
"apply" "t" "M_step" "EM" "clust" 
"t" "M_step" "EM" "clust" 
"M_step" "EM" "clust" 
"M_step" "EM" "clust" 
"M_step" "EM" "clust" 
"t" "M_step" "EM" "clust" 
"apply" "t" "M_step" "EM" "clust" 
"FUN" "vapply" "apply" "t" "M_step" "EM" "clust" 
"apply" "t" "EM" "clust" 
"c" "apply" "M_step" "EM" "clust" 
"vapply" "apply" "t" "M_step" "EM" "clust" 
"%*%" "M_step" "EM" "clust" 
"FUN" "apply" "E_Step2" "EM" "clust" 
"%*%" "M_step" "EM" "clust" 
"names" "<Anonymous>" "do.call" "as.data.frame.list" "as.data.frame" "data.frame" "Ops.data.frame" "apply" "M_step" "EM" "clust" 
"vapply" "apply" "t" "M_step" "EM" "clust" 
"sum" "FUN" "apply" "t" "EM" "clust" 
"M_step" "EM" "clust" 
"M_step" "EM" "clust" 
"as.matrix.data.frame" "as.matrix" "apply" "t" "M_step" "EM" "clust" 
"apply" "E_Step2" "EM" "clust" 
"t" "M_step" "EM" "clust" 
"apply" "t" "M_step" "EM" "clust" 
"t" "M_step" "EM" "clust" 
"tryCatch" "dmvnorm" "mdnorm2" "fK" "FUN" "lapply" "sapply" "all_fK" "process_likelihood2" "EM" "clust" 
"M_step" "EM" "clust" 
"t" "M_step" "EM" "clust" 
"apply" "t" "M_step" "EM" "clust" 
"determinant.matrix" "determinant" "det" "M_step" "EM" "clust" 
"%*%" "M_step" "EM" "clust" 
"t" "M_step" "EM" "clust" 
"t" "M_step" "EM" "clust" 
"FUN" "apply" "E_Step2" "EM" "clust" 
"M_step" "EM" "clust" 
"t" "M_step" "EM" "clust" 
"t" "M_step" "EM" "clust" 
"t" "M_step" "EM" "clust" 
"M_step" "EM" "clust" 
"t" "M_step" "EM" "clust" 
"M_step" "EM" "clust" 
"M_step" "EM" "clust" 
"t" "M_step" "EM" "clust" 
"M_step" "EM" "clust" 
"t" "M_step" "EM" "clust" 
"order" "aperm.default" "aperm" "sweep" "process_likelihood2" "EM" "clust" 
"M_step" "EM" "clust" 
"t" "M_step" "EM" "clust" 
"M_step" "EM" "clust" 
"data.class" "all.equal.numeric" "all.equal" "isSymmetric.matrix" "isSymmetric" "dmvnorm" "mdnorm2" "fK" "FUN" "lapply" "sapply" "all_fK" "process_likelihood2" "EM" "clust" 
"M_step" "EM" "clust" 
"t" "M_step" "EM" "clust" 
"t" "M_step" "EM" "clust" 
"M_step" "EM" "clust" 
"t" "M_step" "EM" "clust" 
"M_step" "EM" "clust" 
"t" "M_step" "EM" "clust" 
"t" "M_step" "EM" "clust" 
"M_step" "EM" "clust" 
"t" "M_step" "EM" "clust" 
"t" "M_step" "EM" "clust" 
"backsolve" "dmvnorm" "mdnorm2" "fK" "FUN" "lapply" "sapply" "all_fK" "E_Step2" "EM" "clust" 
"t" "M_step" "EM" "clust" 
"t" "M_step" "EM" "clust" 
"t" "M_step" "EM" "clust" 
"vapply" "as.matrix.data.frame" "as.matrix" "t.data.frame" "t" "backsolve" "dmvnorm" "mdnorm2" "fK" "FUN" "lapply" "sapply" "all_fK" "E_Step2" "EM" "clust" 
"M_step" "EM" "clust" 
"t" "M_step" "EM" "clust" 
"t.default" "t" "M_step" "EM" "clust" 
"M_step" "EM" "clust" 
"M_step" "EM" "clust" 
"t" "M_step" "EM" "clust" 
"t" "M_step" "EM" "clust" 
"t" "M_step" "EM" "clust" 
"t" "M_step" "EM" "clust" 
"M_step" "EM" "clust" 
"M_step" "EM" "clust" 
"max" "FUN" "apply" "E_Step2" "EM" "clust" 
"t" "M_step" "EM" "clust" 
"M_step" "EM" "clust" 
"M_step" "EM" "clust" 
"dmvnorm" "mdnorm2" "fK" "FUN" "lapply" "sapply" "all_fK" "E_Step2" "EM" "clust" 
"M_step" "EM" "clust" 
"M_step" "EM" "clust" 
"M_step" "EM" "clust" 
"t.default" "t" "M_step" "EM" "clust" 
"%*%" "M_step" "EM" "clust" 
"M_step" "EM" "clust" 
"t.default" "t" "M_step" "EM" "clust" 
"M_step" "EM" "clust" 
"M_step" "EM" "clust" 
"M_step" "EM" "clust" 
"t" "M_step" "EM" "clust" 
"mode" "data.class" "all.equal.numeric" "all.equal" "isSymmetric.matrix" "isSymmetric" "dmvnorm" "mdnorm2" "fK" "FUN" "lapply" "sapply" "all_fK" "E_Step2" "EM" "clust" 
"t" "M_step" "EM" "clust" 
"t" "M_step" "EM" "clust" 
"t" "M_step" "EM" "clust" 
"backsolve" "dmvnorm" "mdnorm2" "fK" "FUN" "lapply" "sapply" "all_fK" "process_likelihood2" "EM" "clust" 
"t" "M_step" "EM" "clust" 
"M_step" "EM" "clust" 
"t" "M_step" "EM" "clust" 
"%*%" "M_step" "EM" "clust" 
"t" "M_step" "EM" "clust" 
"t" "M_step" "EM" "clust" 
"M_step" "EM" "clust" 
"M_step" "EM" "clust" 
"unlist" "apply" "t" "M_step" "EM" "clust" 
"%*%" "M_step" "EM" "clust" 
"M_step" "EM" "clust" 
"dim" "dim" "ncol" "fK" "FUN" "lapply" "sapply" "all_fK" "process_likelihood2" "EM" "clust" 
"apply" "t" "EM" "clust" 
"as.data.frame.list" "as.data.frame" "data.frame" "Ops.data.frame" "apply" "M_step" "EM" "clust" 
"FUN" "vapply" "apply" "t" "M_step" "EM" "clust" 
"t" "M_step" "EM" "clust" 
"apply" "t" "M_step" "EM" "clust" 
"t" "M_step" "EM" "clust" 
"apply" "t" "M_step" "EM" "clust" 
"M_step" "EM" "clust" 
"apply" "t" "M_step" "EM" "clust" 
"FUN" "vapply" "apply" "t" "M_step" "EM" "clust" 
"%*%" "M_step" "EM" "clust" 
"t" "M_step" "EM" "clust" 
"apply" "t" "EM" "clust" 
"vapply" "apply" "t" "M_step" "EM" "clust" 
"M_step" "EM" "clust" 
"M_step" "EM" "clust" 
"FUN" "vapply" "apply" "t" "M_step" "EM" "clust" 
"FUN" "apply" "t" "M_step" "EM" "clust" 
"M_step" "EM" "clust" 
"%*%" "M_step" "EM" "clust" 
"vapply" "apply" "t" "M_step" "EM" "clust" 
"t" "M_step" "EM" "clust" 
"vapply" "apply" "t" "M_step" "EM" "clust" 
"t" "M_step" "EM" "clust" 
"apply" "t" "M_step" "EM" "clust" 
"M_step" "EM" "clust" 
"t" "M_step" "EM" "clust" 
"t" "M_step" "EM" "clust" 
"as.factor" "split.default" "split" "Ops.data.frame" "apply" "M_step" "EM" "clust" 
"FUN" "vapply" "apply" "t" "M_step" "EM" "clust" 
"M_step" "EM" "clust" 
"t" "M_step" "EM" "clust" 
"vapply" "apply" "t" "M_step" "EM" "clust" 
"apply" "t" "M_step" "EM" "clust" 
"t" "M_step" "EM" "clust" 
"M_step" "EM" "clust" 
"vapply" "apply" "t" "M_step" "EM" "clust" 
"M_step" "EM" "clust" 
"M_step" "EM" "clust" 
"t" "M_step" "EM" "clust" 
"as.matrix.data.frame" "as.matrix" "apply" "M_step" "EM" "clust" 
"vapply" "apply" "t" "M_step" "EM" "clust" 
"t" "M_step" "EM" "clust" 
"t.default" "t" "M_step" "EM" "clust" 
"apply" "t" "EM" "clust" 
"apply" "t" "M_step" "EM" "clust" 
"t" "M_step" "EM" "clust" 
"t" "M_step" "EM" "clust" 
"vapply" "apply" "t" "M_step" "EM" "clust" 
"apply" "t" "M_step" "EM" "clust" 
"unlist" "apply" "t" "M_step" "EM" "clust" 
"t.default" "t" "M_step" "EM" "clust" 
"FUN" "apply" "t" "M_step" "EM" "clust" 
"t" "M_step" "EM" "clust" 
"M_step" "EM" "clust" 
"t" "M_step" "EM" "clust" 
"apply" "t" "M_step" "EM" "clust" 
"FUN" "vapply" "apply" "t" "M_step" "EM" "clust" 
"%*%" "M_step" "EM" "clust" 
"M_step" "EM" "clust" 
"is.nan" "FUN" "apply" "t" "EM" "clust" 
"apply" "t" "M_step" "EM" "clust" 
"t.default" "t" "M_step" "EM" "clust" 
"t" "M_step" "EM" "clust" 
"t" "M_step" "EM" "clust" 
"vapply" "apply" "t" "M_step" "EM" "clust" 
"%*%" "M_step" "EM" "clust" 
"M_step" "EM" "clust" 
"FUN" "vapply" "apply" "t" "M_step" "EM" "clust" 
"t" "M_step" "EM" "clust" 
"M_step" "EM" "clust" 
"t.default" "t" "M_step" "EM" "clust" 
"FUN" "apply" "t" "EM" "clust" 
"t" "M_step" "EM" "clust" 
"apply" "t" "M_step" "EM" "clust" 
"t" "M_step" "EM" "clust" 
"apply" "E_Step2" "EM" "clust" 
"t" "M_step" "EM" "clust" 
"apply" "t" "M_step" "EM" "clust" 
"t.default" "t" "M_step" "EM" "clust" 
"FUN" "apply" "t" "M_step" "EM" "clust" 
"apply" "t" "M_step" "EM" "clust" 
"FUN" "apply" "t" "M_step" "EM" "clust" 
"t" "M_step" "EM" "clust" 
"FUN" "apply" "t" "M_step" "EM" "clust" 
"t" "M_step" "EM" "clust" 
"%*%" "M_step" "EM" "clust" 
"FUN" "vapply" "apply" "t" "M_step" "EM" "clust" 
"FUN" "apply" "t" "EM" "clust" 
"apply" "t" "M_step" "EM" "clust" 
"t" "M_step" "EM" "clust" 
"M_step" "EM" "clust" 
"aperm.default" "aperm" "apply" "t" "EM" "clust" 
"as.vector" "split" "Ops.data.frame" "apply" "M_step" "EM" "clust" 
"FUN" "vapply" "apply" "t" "M_step" "EM" "clust" 
"%*%" "M_step" "EM" "clust" 
"FUN" "apply" "t" "M_step" "EM" "clust" 
"apply" "t" "M_step" "EM" "clust" 
"apply" "t" "M_step" "EM" "clust" 
"M_step" "EM" "clust" 
"apply" "t" "M_step" "EM" "clust" 
"t" "M_step" "EM" "clust" 
"M_step" "EM" "clust" 
"M_step" "EM" "clust" 
"apply" "t" "M_step" "EM" "clust" 
"vapply" "apply" "t" "M_step" "EM" "clust" 
"M_step" "EM" "clust" 
"t" "M_step" "EM" "clust" 
"apply" "t" "EM" "clust" 
"vapply" "apply" "t" "M_step" "EM" "clust" 
"t" "M_step" "EM" "clust" 
"t" "M_step" "EM" "clust" 
"%*%" "M_step" "EM" "clust" 
"apply" "t" "M_step" "EM" "clust" 
"apply" "t" "M_step" "EM" "clust" 
"apply" "t" "M_step" "EM" "clust" 
"apply" "t" "M_step" "EM" "clust" 
"apply" "t" "M_step" "EM" "clust" 
"apply" "t" "M_step" "EM" "clust" 
"apply" "t" "M_step" "EM" "clust" 
"t" "M_step" "EM" "clust" 
"apply" "t" "M_step" "EM" "clust" 
"apply" "E_Step2" "EM" "clust" 
"as.vector" "split" "Ops.data.frame" "apply" "M_step" "EM" "clust" 
"FUN" "vapply" "apply" "t" "M_step" "EM" "clust" 
"vapply" "apply" "t" "M_step" "EM" "clust" 
"apply" "t" "EM" "clust" 
"FUN" "apply" "t" "M_step" "EM" "clust" 
"t.default" "t" "M_step" "EM" "clust" 
"t" "M_step" "EM" "clust" 
"length" "as.matrix.data.frame" "as.matrix" "apply" "t" "M_step" "EM" "clust" 
"t" "M_step" "EM" "clust" 
"t.default" "t" "M_step" "EM" "clust" 
"t" "M_step" "EM" "clust" 
"M_step" "EM" "clust" 
"t" "M_step" "EM" "clust" 
"%*%" "M_step" "EM" "clust" 
"M_step" "EM" "clust" 
"M_step" "EM" "clust" 
"t.default" "t" "M_step" "EM" "clust" 
"nrow" "split.default" "split" "Ops.data.frame" "apply" "M_step" "EM" "clust" 
"length" "data.class" "all.equal.numeric" "all.equal" "isSymmetric.matrix" "isSymmetric" "dmvnorm" "mdnorm2" "fK" "FUN" "lapply" "sapply" "all_fK" "process_likelihood2" "EM" "clust" 
"M_step" "EM" "clust" 
"M_step" "EM" "clust" 
"FUN" "apply" "t" "M_step" "EM" "clust" 
"FUN" "apply" "E_Step2" "EM" "clust" 
"t.default" "t" "M_step" "EM" "clust" 
"as.vector" "split" "Ops.data.frame" "apply" "M_step" "EM" "clust" 
"FUN" "vapply" "apply" "t" "M_step" "EM" "clust" 
"FUN" "apply" "t" "EM" "clust" 
"apply" "t" "M_step" "EM" "clust" 
"apply" "t" "M_step" "EM" "clust" 
"t" "M_step" "EM" "clust" 
"apply" "t" "M_step" "EM" "clust" 
"t" "M_step" "EM" "clust" 
"M_step" "EM" "clust" 
"%*%" "M_step" "EM" "clust" 
"t" "M_step" "EM" "clust" 
"M_step" "EM" "clust" 
"M_step" "EM" "clust" 
"tryCatch" "dmvnorm" "mdnorm2" "fK" "FUN" "lapply" "sapply" "all_fK" "E_Step2" "EM" "clust" 
"M_step" "EM" "clust" 
"M_step" "EM" "clust" 
"eval" "Ops.data.frame" "apply" "M_step" "EM" "clust" 
"apply" "E_Step2" "EM" "clust" 
"t" "M_step" "EM" "clust" 
"M_step" "EM" "clust" 
"%*%" "M_step" "EM" "clust" 
"max" "FUN" "apply" "E_Step2" "EM" "clust" 
"t" "M_step" "EM" "clust" 
"apply" "t" "M_step" "EM" "clust" 
"vapply" "apply" "t" "M_step" "EM" "clust" 
"apply" "E_Step2" "EM" "clust" 
"M_step" "EM" "clust" 
"apply" "t" "M_step" "EM" "clust" 
"M_step" "EM" "clust" 
"apply" "t" "M_step" "EM" "clust" 
"c" ".set_row_names" "as.data.frame.numeric" "as.data.frame" "<Anonymous>" "do.call" "as.data.frame.list" "as.data.frame" "data.frame" "Ops.data.frame" "apply" "M_step" "EM" "clust" 
"unlist" "apply" "t" "M_step" "EM" "clust" 
"t.default" "t" "M_step" "EM" "clust" 
"names" "FUN" "vapply" "apply" "t" "M_step" "EM" "clust" 
"M_step" "EM" "clust" 
"M_step" "EM" "clust" 
"t" "M_step" "EM" "clust" 
"FUN" "vapply" "apply" "t" "M_step" "EM" "clust" 
"t" "M_step" "EM" "clust" 
"t" "M_step" "EM" "clust" 
"M_step" "EM" "clust" 
"t" "M_step" "EM" "clust" 
"t" "M_step" "EM" "clust" 
"FUN" "apply" "M_step" "EM" "clust" 
"apply" "E_Step2" "EM" "clust" 
"t" "M_step" "EM" "clust" 
"M_step" "EM" "clust" 
"apply" "t" "M_step" "EM" "clust" 
"apply" "t" "EM" "clust" 
"FUN" "apply" "t" "M_step" "EM" "clust" 
"FUN" "apply" "t" "M_step" "EM" "clust" 
"vapply" "apply" "t" "M_step" "EM" "clust" 
"apply" "t" "EM" "clust" 
"FUN" "vapply" "apply" "t" "M_step" "EM" "clust" 
"t" "M_step" "EM" "clust" 
"M_step" "EM" "clust" 
".deparseOpts" "deparse" "mode" "%in%" "deparse" "paste" "force" "as.data.frame.numeric" "as.data.frame" "<Anonymous>" "do.call" "as.data.frame.list" "as.data.frame" "data.frame" "Ops.data.frame" "apply" "M_step" "EM" "clust" 
"vapply" "apply" "t" "M_step" "EM" "clust" 
"t" "M_step" "EM" "clust" 
"M_step" "EM" "clust" 
"t" "M_step" "EM" "clust" 
"%*%" "M_step" "EM" "clust" 
"M_step" "EM" "clust" 
"M_step" "EM" "clust" 
"t" "M_step" "EM" "clust" 
"t" "M_step" "EM" "clust" 
"M_step" "EM" "clust" 
"unique" "isSymmetric.matrix" "isSymmetric" "dmvnorm" "mdnorm2" "fK" "FUN" "lapply" "sapply" "all_fK" "process_likelihood2" "EM" "clust" 
"M_step" "EM" "clust" 
"t" "M_step" "EM" "clust" 
"apply" "t" "M_step" "EM" "clust" 
"as.matrix" "backsolve" "dmvnorm" "mdnorm2" "fK" "FUN" "lapply" "sapply" "all_fK" "E_Step2" "EM" "clust" 
"M_step" "EM" "clust" 
"FUN" "apply" "t" "M_step" "EM" "clust" 
"array" "apply" "t" "M_step" "EM" "clust" 
"is.nan" "EM" "clust" 
"t" "M_step" "EM" "clust" 
"vapply" "apply" "t" "M_step" "EM" "clust" 
"t" "M_step" "EM" "clust" 
"apply" "t" "M_step" "EM" "clust" 
"M_step" "EM" "clust" 
"M_step" "EM" "clust" 
"apply" "t" "M_step" "EM" "clust" 
"sum" "FUN" "apply" "E_Step2" "EM" "clust" 
"t" "M_step" "EM" "clust" 
"apply" "t" "M_step" "EM" "clust" 
"FUN" "vapply" "apply" "t" "M_step" "EM" "clust" 
"FUN" "apply" "E_Step2" "EM" "clust" 
"M_step" "EM" "clust" 
"apply" "t" "M_step" "EM" "clust" 
"M_step" "EM" "clust" 
"as.data.frame.list" "as.data.frame" "data.frame" "Ops.data.frame" "apply" "M_step" "EM" "clust" 
"t" "M_step" "EM" "clust" 
"apply" "t" "M_step" "EM" "clust" 
"M_step" "EM" "clust" 
"as.vector" "split" "Ops.data.frame" "apply" "M_step" "EM" "clust" 
"vapply" "apply" "t" "M_step" "EM" "clust" 
"t.default" "t" "M_step" "EM" "clust" 
"t" "M_step" "EM" "clust" 
"pmatch" "match.arg" "str.default" "str" "<Anonymous>" "do.call" "strSub" "str.default" "str" "<Anonymous>" "do.call" "strSub" "str.default" "str" "<Anonymous>" "do.call" "strSub" "str.default" "str" "<Anonymous>" "do.call" "strSub" "str.default" "str" "<Anonymous>" "do.call" "strSub" "str.default" "str" "doTryCatch" "tryCatchOne" "tryCatchList" "tryCatch" "try" "eval" "eval" "withVisible" "evalVis" "capture.output" "doTryCatch" "tryCatchOne" "tryCatchList" "tryCatch" ".rs.withTimeLimit" ".rs.valueFromStr" "doTryCatch" "tryCatchOne" "tryCatchList" "tryCatch" ".rs.valueContents" "<Anonymous>" 
